This file contains any messages produced by compilers while
running configure, to aid debugging if configure makes a mistake.

It was created by fitd configure 0.1, which was
generated by GNU Autoconf 2.59.  Invocation command line was

  $ ./configure 

## --------- ##
## Platform. ##
## --------- ##

hostname = belgarath.moomoocamp.net
uname -m = i686
uname -r = 2.4.22
uname -s = Linux
uname -v = #3 Wed Jul 28 23:42:23 CEST 2004

/usr/bin/uname -p = unknown
/bin/uname -X     = unknown

/bin/arch              = i686
/usr/bin/arch -k       = unknown
/usr/convex/getsysinfo = unknown
hostinfo               = unknown
/bin/machine           = unknown
/usr/bin/oslevel       = unknown
/bin/universe          = unknown

PATH: /usr/local/devkitcube/bin
PATH: /home/staff/yazoo/bin
PATH: /usr/local/bin
PATH: /usr/bin
PATH: /bin
PATH: /usr/bin/X11
PATH: /usr/games


## ----------- ##
## Core tests. ##
## ----------- ##

configure:1379: checking build system type
configure:1397: result: i686-pc-linux-gnu
configure:1405: checking host system type
configure:1419: result: i686-pc-linux-gnu
configure:1427: checking target system type
configure:1441: result: i686-pc-linux-gnu
configure:1470: checking for a BSD-compatible install
configure:1525: result: /usr/bin/install -c
configure:1536: checking whether build environment is sane
configure:1579: result: yes
configure:1636: checking for gawk
configure:1652: found /usr/bin/gawk
configure:1662: result: gawk
configure:1672: checking whether make sets $(MAKE)
configure:1692: result: yes
configure:1859: checking whether make sets $(MAKE)
configure:1879: result: yes
configure:1900: checking for style of include used by make
configure:1928: result: GNU
configure:1999: checking for gcc
configure:2015: found /usr/bin/gcc
configure:2025: result: gcc
configure:2269: checking for C compiler version
configure:2272: gcc --version </dev/null >&5
gcc (GCC) 3.3.4 (Debian 1:3.3.4-7)
Copyright (C) 2003 Free Software Foundation, Inc.
This is free software; see the source for copying conditions.  There is NO
warranty; not even for MERCHANTABILITY or FITNESS FOR A PARTICULAR PURPOSE.

configure:2275: $? = 0
configure:2277: gcc -v </dev/null >&5
Reading specs from /usr/lib/gcc-lib/i486-linux/3.3.4/specs
Configured with: ../src/configure -v --enable-languages=c,c++,java,f77,pascal,objc,ada,treelang --prefix=/usr --mandir=/usr/share/man --infodir=/usr/share/info --with-gxx-include-dir=/usr/include/c++/3.3 --enable-shared --with-system-zlib --enable-nls --without-included-gettext --enable-__cxa_atexit --enable-clocale=gnu --enable-debug --enable-java-gc=boehm --enable-java-awt=xlib --enable-objc-gc i486-linux
Thread model: posix
gcc version 3.3.4 (Debian 1:3.3.4-7)
configure:2280: $? = 0
configure:2282: gcc -V </dev/null >&5
gcc: `-V' option must have argument
configure:2285: $? = 1
configure:2308: checking for C compiler default output file name
configure:2311: gcc    conftest.c  >&5
configure:2314: $? = 0
configure:2360: result: a.out
configure:2365: checking whether the C compiler works
configure:2371: ./a.out
configure:2374: $? = 0
configure:2391: result: yes
configure:2398: checking whether we are cross compiling
configure:2400: result: no
configure:2403: checking for suffix of executables
configure:2405: gcc -o conftest    conftest.c  >&5
configure:2408: $? = 0
configure:2433: result: 
configure:2439: checking for suffix of object files
configure:2460: gcc -c   conftest.c >&5
configure:2463: $? = 0
configure:2485: result: o
configure:2489: checking whether we are using the GNU C compiler
configure:2513: gcc -c   conftest.c >&5
configure:2519: $? = 0
configure:2522: test -z 			 || test ! -s conftest.err
configure:2525: $? = 0
configure:2528: test -s conftest.o
configure:2531: $? = 0
configure:2544: result: yes
configure:2550: checking whether gcc accepts -g
configure:2571: gcc -c -g  conftest.c >&5
configure:2577: $? = 0
configure:2580: test -z 			 || test ! -s conftest.err
configure:2583: $? = 0
configure:2586: test -s conftest.o
configure:2589: $? = 0
configure:2600: result: yes
configure:2617: checking for gcc option to accept ANSI C
configure:2687: gcc  -c -g -O2  conftest.c >&5
configure:2693: $? = 0
configure:2696: test -z 			 || test ! -s conftest.err
configure:2699: $? = 0
configure:2702: test -s conftest.o
configure:2705: $? = 0
configure:2723: result: none needed
configure:2741: gcc -c -g -O2  conftest.c >&5
conftest.c:2: error: parse error before "me"
configure:2747: $? = 1
configure: failed program was:
| #ifndef __cplusplus
|   choke me
| #endif
configure:2879: checking dependency style of gcc
configure:2969: result: gcc3
configure:2992: checking how to run the C preprocessor
configure:3027: gcc -E  conftest.c
configure:3033: $? = 0
configure:3065: gcc -E  conftest.c
conftest.c:11:28: ac_nonexistent.h: No such file or directory
configure:3071: $? = 1
configure: failed program was:
| /* confdefs.h.  */
| 
| #define PACKAGE_NAME "fitd"
| #define PACKAGE_TARNAME "fitd"
| #define PACKAGE_VERSION "0.1"
| #define PACKAGE_STRING "fitd 0.1"
| #define PACKAGE_BUGREPORT ""
| #define PACKAGE "fitd"
| #define VERSION "0.1"
| /* end confdefs.h.  */
| #include <ac_nonexistent.h>
configure:3110: result: gcc -E
configure:3134: gcc -E  conftest.c
configure:3140: $? = 0
configure:3172: gcc -E  conftest.c
conftest.c:11:28: ac_nonexistent.h: No such file or directory
configure:3178: $? = 1
configure: failed program was:
| /* confdefs.h.  */
| 
| #define PACKAGE_NAME "fitd"
| #define PACKAGE_TARNAME "fitd"
| #define PACKAGE_VERSION "0.1"
| #define PACKAGE_STRING "fitd 0.1"
| #define PACKAGE_BUGREPORT ""
| #define PACKAGE "fitd"
| #define VERSION "0.1"
| /* end confdefs.h.  */
| #include <ac_nonexistent.h>
configure:3222: checking for egrep
configure:3232: result: grep -E
configure:3237: checking for ANSI C header files
configure:3262: gcc -c -g -O2  conftest.c >&5
configure:3268: $? = 0
configure:3271: test -z 			 || test ! -s conftest.err
configure:3274: $? = 0
configure:3277: test -s conftest.o
configure:3280: $? = 0
configure:3369: gcc -o conftest -g -O2   conftest.c  >&5
configure:3372: $? = 0
configure:3374: ./conftest
configure:3377: $? = 0
configure:3392: result: yes
configure:3416: checking for sys/types.h
configure:3432: gcc -c -g -O2  conftest.c >&5
configure:3438: $? = 0
configure:3441: test -z 			 || test ! -s conftest.err
configure:3444: $? = 0
configure:3447: test -s conftest.o
configure:3450: $? = 0
configure:3461: result: yes
configure:3416: checking for sys/stat.h
configure:3432: gcc -c -g -O2  conftest.c >&5
configure:3438: $? = 0
configure:3441: test -z 			 || test ! -s conftest.err
configure:3444: $? = 0
configure:3447: test -s conftest.o
configure:3450: $? = 0
configure:3461: result: yes
configure:3416: checking for stdlib.h
configure:3432: gcc -c -g -O2  conftest.c >&5
configure:3438: $? = 0
configure:3441: test -z 			 || test ! -s conftest.err
configure:3444: $? = 0
configure:3447: test -s conftest.o
configure:3450: $? = 0
configure:3461: result: yes
configure:3416: checking for string.h
configure:3432: gcc -c -g -O2  conftest.c >&5
configure:3438: $? = 0
configure:3441: test -z 			 || test ! -s conftest.err
configure:3444: $? = 0
configure:3447: test -s conftest.o
configure:3450: $? = 0
configure:3461: result: yes
configure:3416: checking for memory.h
configure:3432: gcc -c -g -O2  conftest.c >&5
configure:3438: $? = 0
configure:3441: test -z 			 || test ! -s conftest.err
configure:3444: $? = 0
configure:3447: test -s conftest.o
configure:3450: $? = 0
configure:3461: result: yes
configure:3416: checking for strings.h
configure:3432: gcc -c -g -O2  conftest.c >&5
configure:3438: $? = 0
configure:3441: test -z 			 || test ! -s conftest.err
configure:3444: $? = 0
configure:3447: test -s conftest.o
configure:3450: $? = 0
configure:3461: result: yes
configure:3416: checking for inttypes.h
configure:3432: gcc -c -g -O2  conftest.c >&5
configure:3438: $? = 0
configure:3441: test -z 			 || test ! -s conftest.err
configure:3444: $? = 0
configure:3447: test -s conftest.o
configure:3450: $? = 0
configure:3461: result: yes
configure:3416: checking for stdint.h
configure:3432: gcc -c -g -O2  conftest.c >&5
configure:3438: $? = 0
configure:3441: test -z 			 || test ! -s conftest.err
configure:3444: $? = 0
configure:3447: test -s conftest.o
configure:3450: $? = 0
configure:3461: result: yes
configure:3416: checking for unistd.h
configure:3432: gcc -c -g -O2  conftest.c >&5
configure:3438: $? = 0
configure:3441: test -z 			 || test ! -s conftest.err
configure:3444: $? = 0
configure:3447: test -s conftest.o
configure:3450: $? = 0
configure:3461: result: yes
configure:3478: checking for stdlib.h
configure:3483: result: yes
configure:3622: checking for GNU libc compatible malloc
configure:3651: gcc -o conftest -g -O2   conftest.c  >&5
configure:3654: $? = 0
configure:3656: ./conftest
configure:3659: $? = 0
configure:3673: result: yes
configure:3764: checking system
configure:3783: result: UNIX (GNU/Linux)
configure:3939: checking for gcc
configure:3965: result: gcc
configure:4209: checking for C compiler version
configure:4212: gcc --version </dev/null >&5
gcc (GCC) 3.3.4 (Debian 1:3.3.4-7)
Copyright (C) 2003 Free Software Foundation, Inc.
This is free software; see the source for copying conditions.  There is NO
warranty; not even for MERCHANTABILITY or FITNESS FOR A PARTICULAR PURPOSE.

configure:4215: $? = 0
configure:4217: gcc -v </dev/null >&5
Reading specs from /usr/lib/gcc-lib/i486-linux/3.3.4/specs
Configured with: ../src/configure -v --enable-languages=c,c++,java,f77,pascal,objc,ada,treelang --prefix=/usr --mandir=/usr/share/man --infodir=/usr/share/info --with-gxx-include-dir=/usr/include/c++/3.3 --enable-shared --with-system-zlib --enable-nls --without-included-gettext --enable-__cxa_atexit --enable-clocale=gnu --enable-debug --enable-java-gc=boehm --enable-java-awt=xlib --enable-objc-gc i486-linux
Thread model: posix
gcc version 3.3.4 (Debian 1:3.3.4-7)
configure:4220: $? = 0
configure:4222: gcc -V </dev/null >&5
gcc: `-V' option must have argument
configure:4225: $? = 1
configure:4228: checking whether we are using the GNU C compiler
configure:4283: result: yes
configure:4289: checking whether gcc accepts -g
configure:4339: result: yes
configure:4356: checking for gcc option to accept ANSI C
configure:4462: result: none needed
configure:4480: gcc -c -g -O2  conftest.c >&5
conftest.c:2: error: parse error before "me"
configure:4486: $? = 1
configure: failed program was:
| #ifndef __cplusplus
|   choke me
| #endif
configure:4618: checking dependency style of gcc
configure:4708: result: gcc3
configure:4730: checking how to run the C preprocessor
configure:4848: result: gcc -E
configure:4872: gcc -E  conftest.c
configure:4878: $? = 0
configure:4910: gcc -E  conftest.c
conftest.c:27:28: ac_nonexistent.h: No such file or directory
configure:4916: $? = 1
configure: failed program was:
| /* confdefs.h.  */
| 
| #define PACKAGE_NAME "fitd"
| #define PACKAGE_TARNAME "fitd"
| #define PACKAGE_VERSION "0.1"
| #define PACKAGE_STRING "fitd 0.1"
| #define PACKAGE_BUGREPORT ""
| #define PACKAGE "fitd"
| #define VERSION "0.1"
| #define STDC_HEADERS 1
| #define HAVE_SYS_TYPES_H 1
| #define HAVE_SYS_STAT_H 1
| #define HAVE_STDLIB_H 1
| #define HAVE_STRING_H 1
| #define HAVE_MEMORY_H 1
| #define HAVE_STRINGS_H 1
| #define HAVE_INTTYPES_H 1
| #define HAVE_STDINT_H 1
| #define HAVE_UNISTD_H 1
| #define HAVE_STDLIB_H 1
| #define HAVE_MALLOC 1
| #define HAVE_MIDI 1
| #define UNIX 1
| #define LINUX 1
| #define HAVE_HOME 1
| /* end confdefs.h.  */
| #include <ac_nonexistent.h>
configure:4972: checking for a BSD-compatible install
configure:5027: result: /usr/bin/install -c
configure:5090: checking for g++
configure:5106: found /usr/bin/g++
configure:5116: result: g++
configure:5132: checking for C++ compiler version
configure:5135: g++ --version </dev/null >&5
g++ (GCC) 3.3.4 (Debian 1:3.3.4-7)
Copyright (C) 2003 Free Software Foundation, Inc.
This is free software; see the source for copying conditions.  There is NO
warranty; not even for MERCHANTABILITY or FITNESS FOR A PARTICULAR PURPOSE.

configure:5138: $? = 0
configure:5140: g++ -v </dev/null >&5
Reading specs from /usr/lib/gcc-lib/i486-linux/3.3.4/specs
Configured with: ../src/configure -v --enable-languages=c,c++,java,f77,pascal,objc,ada,treelang --prefix=/usr --mandir=/usr/share/man --infodir=/usr/share/info --with-gxx-include-dir=/usr/include/c++/3.3 --enable-shared --with-system-zlib --enable-nls --without-included-gettext --enable-__cxa_atexit --enable-clocale=gnu --enable-debug --enable-java-gc=boehm --enable-java-awt=xlib --enable-objc-gc i486-linux
Thread model: posix
gcc version 3.3.4 (Debian 1:3.3.4-7)
configure:5143: $? = 0
configure:5145: g++ -V </dev/null >&5
g++: `-V' option must have argument
configure:5148: $? = 1
configure:5151: checking whether we are using the GNU C++ compiler
configure:5175: g++ -c   conftest.cc >&5
configure:5181: $? = 0
configure:5184: test -z 			 || test ! -s conftest.err
configure:5187: $? = 0
configure:5190: test -s conftest.o
configure:5193: $? = 0
configure:5206: result: yes
configure:5212: checking whether g++ accepts -g
configure:5233: g++ -c -g  conftest.cc >&5
configure:5239: $? = 0
configure:5242: test -z 			 || test ! -s conftest.err
configure:5245: $? = 0
configure:5248: test -s conftest.o
configure:5251: $? = 0
configure:5262: result: yes
configure:5304: g++ -c -g -O2  conftest.cc >&5
configure:5310: $? = 0
configure:5313: test -z 			 || test ! -s conftest.err
configure:5316: $? = 0
configure:5319: test -s conftest.o
configure:5322: $? = 0
configure:5348: g++ -c -g -O2  conftest.cc >&5
conftest.cc: In function `int main()':
conftest.cc:31: error: `exit' undeclared (first use this function)
conftest.cc:31: error: (Each undeclared identifier is reported only once for 
   each function it appears in.)
configure:5354: $? = 1
configure: failed program was:
| /* confdefs.h.  */
| 
| #define PACKAGE_NAME "fitd"
| #define PACKAGE_TARNAME "fitd"
| #define PACKAGE_VERSION "0.1"
| #define PACKAGE_STRING "fitd 0.1"
| #define PACKAGE_BUGREPORT ""
| #define PACKAGE "fitd"
| #define VERSION "0.1"
| #define STDC_HEADERS 1
| #define HAVE_SYS_TYPES_H 1
| #define HAVE_SYS_STAT_H 1
| #define HAVE_STDLIB_H 1
| #define HAVE_STRING_H 1
| #define HAVE_MEMORY_H 1
| #define HAVE_STRINGS_H 1
| #define HAVE_INTTYPES_H 1
| #define HAVE_STDINT_H 1
| #define HAVE_UNISTD_H 1
| #define HAVE_STDLIB_H 1
| #define HAVE_MALLOC 1
| #define HAVE_MIDI 1
| #define UNIX 1
| #define LINUX 1
| #define HAVE_HOME 1
| /* end confdefs.h.  */
| 
| int
| main ()
| {
| exit (42);
|   ;
|   return 0;
| }
configure:5304: g++ -c -g -O2  conftest.cc >&5
configure:5310: $? = 0
configure:5313: test -z 			 || test ! -s conftest.err
configure:5316: $? = 0
configure:5319: test -s conftest.o
configure:5322: $? = 0
configure:5348: g++ -c -g -O2  conftest.cc >&5
configure:5354: $? = 0
configure:5357: test -z 			 || test ! -s conftest.err
configure:5360: $? = 0
configure:5363: test -s conftest.o
configure:5366: $? = 0
configure:5391: checking dependency style of g++
configure:5481: result: gcc3
configure:5501: checking if we should use GCC PCH
configure:5520: result: no
configure:5543: checking how to run the C++ preprocessor
configure:5574: g++ -E  conftest.cc
configure:5580: $? = 0
configure:5612: g++ -E  conftest.cc
conftest.cc:30:28: ac_nonexistent.h: No such file or directory
configure:5618: $? = 1
configure: failed program was:
| /* confdefs.h.  */
| 
| #define PACKAGE_NAME "fitd"
| #define PACKAGE_TARNAME "fitd"
| #define PACKAGE_VERSION "0.1"
| #define PACKAGE_STRING "fitd 0.1"
| #define PACKAGE_BUGREPORT ""
| #define PACKAGE "fitd"
| #define VERSION "0.1"
| #define STDC_HEADERS 1
| #define HAVE_SYS_TYPES_H 1
| #define HAVE_SYS_STAT_H 1
| #define HAVE_STDLIB_H 1
| #define HAVE_STRING_H 1
| #define HAVE_MEMORY_H 1
| #define HAVE_STRINGS_H 1
| #define HAVE_INTTYPES_H 1
| #define HAVE_STDINT_H 1
| #define HAVE_UNISTD_H 1
| #define HAVE_STDLIB_H 1
| #define HAVE_MALLOC 1
| #define HAVE_MIDI 1
| #define UNIX 1
| #define LINUX 1
| #define HAVE_HOME 1
| #ifdef __cplusplus
| extern "C" void std::exit (int) throw (); using std::exit;
| #endif
| /* end confdefs.h.  */
| #include <ac_nonexistent.h>
configure:5657: result: g++ -E
configure:5681: g++ -E  conftest.cc
configure:5687: $? = 0
configure:5719: g++ -E  conftest.cc
conftest.cc:30:28: ac_nonexistent.h: No such file or directory
configure:5725: $? = 1
configure: failed program was:
| /* confdefs.h.  */
| 
| #define PACKAGE_NAME "fitd"
| #define PACKAGE_TARNAME "fitd"
| #define PACKAGE_VERSION "0.1"
| #define PACKAGE_STRING "fitd 0.1"
| #define PACKAGE_BUGREPORT ""
| #define PACKAGE "fitd"
| #define VERSION "0.1"
| #define STDC_HEADERS 1
| #define HAVE_SYS_TYPES_H 1
| #define HAVE_SYS_STAT_H 1
| #define HAVE_STDLIB_H 1
| #define HAVE_STRING_H 1
| #define HAVE_MEMORY_H 1
| #define HAVE_STRINGS_H 1
| #define HAVE_INTTYPES_H 1
| #define HAVE_STDINT_H 1
| #define HAVE_UNISTD_H 1
| #define HAVE_STDLIB_H 1
| #define HAVE_MALLOC 1
| #define HAVE_MIDI 1
| #define UNIX 1
| #define LINUX 1
| #define HAVE_HOME 1
| #ifdef __cplusplus
| extern "C" void std::exit (int) throw (); using std::exit;
| #endif
| /* end confdefs.h.  */
| #include <ac_nonexistent.h>
configure:5769: checking for ANSI C header files
configure:5924: result: yes
configure:5949: checking sstream usability
configure:5961: g++ -c -g -O2  conftest.cc >&5
configure:5967: $? = 0
configure:5970: test -z 			 || test ! -s conftest.err
configure:5973: $? = 0
configure:5976: test -s conftest.o
configure:5979: $? = 0
configure:5989: result: yes
configure:5993: checking sstream presence
configure:6003: g++ -E  conftest.cc
configure:6009: $? = 0
configure:6029: result: yes
configure:6064: checking for sstream
configure:6071: result: yes
configure:6091: checking for unistd.h
configure:6096: result: yes
configure:6091: checking for sys/types.h
configure:6096: result: yes
configure:6091: checking for sys/stat.h
configure:6096: result: yes
configure:6244: checking for short
configure:6268: g++ -c -g -O2  conftest.cc >&5
configure:6274: $? = 0
configure:6277: test -z 			 || test ! -s conftest.err
configure:6280: $? = 0
configure:6283: test -s conftest.o
configure:6286: $? = 0
configure:6297: result: yes
configure:6300: checking size of short
configure:6612: g++ -o conftest -g -O2   conftest.cc  >&5
configure:6615: $? = 0
configure:6617: ./conftest
configure:6620: $? = 0
configure:6643: result: 2
configure:6650: checking for int
configure:6674: g++ -c -g -O2  conftest.cc >&5
configure:6680: $? = 0
configure:6683: test -z 			 || test ! -s conftest.err
configure:6686: $? = 0
configure:6689: test -s conftest.o
configure:6692: $? = 0
configure:6703: result: yes
configure:6706: checking size of int
configure:7018: g++ -o conftest -g -O2   conftest.cc  >&5
configure:7021: $? = 0
configure:7023: ./conftest
configure:7026: $? = 0
configure:7049: result: 4
configure:7056: checking for long
configure:7080: g++ -c -g -O2  conftest.cc >&5
configure:7086: $? = 0
configure:7089: test -z 			 || test ! -s conftest.err
configure:7092: $? = 0
configure:7095: test -s conftest.o
configure:7098: $? = 0
configure:7109: result: yes
configure:7112: checking size of long
configure:7424: g++ -o conftest -g -O2   conftest.cc  >&5
configure:7427: $? = 0
configure:7429: ./conftest
configure:7432: $? = 0
configure:7455: result: 4
configure:7462: checking for long long
configure:7486: g++ -c -g -O2  conftest.cc >&5
configure:7492: $? = 0
configure:7495: test -z 			 || test ! -s conftest.err
configure:7498: $? = 0
configure:7501: test -s conftest.o
configure:7504: $? = 0
configure:7515: result: yes
configure:7518: checking size of long long
configure:7830: g++ -o conftest -g -O2   conftest.cc  >&5
configure:7833: $? = 0
configure:7835: ./conftest
configure:7838: $? = 0
configure:7861: result: 8
configure:7873: checking if we should optimise for MMX
configure:7887: result: no
configure:7891: checking if we should optimise for 3DNOW
configure:7905: result: no
configure:7964: checking for sdl-config
configure:7982: found /usr/bin/sdl-config
configure:7995: result: /usr/bin/sdl-config
configure:8003: checking for SDL - version >= 1.2.0
configure:8093: gcc -o conftest -g -O2 -I/usr/include/SDL -D_REENTRANT   conftest.c  -lSDL -lpthread >&5
configure:8096: $? = 0
configure:8098: ./conftest
configure:8101: $? = 0
configure:8119: result: yes
configure:8249: checking if we should include profiling information
configure:8264: result: no
configure:8465: creating ./config.status

## ---------------------- ##
## Running config.status. ##
## ---------------------- ##

This file was extended by fitd config.status 0.1, which was
generated by GNU Autoconf 2.59.  Invocation command line was

  CONFIG_FILES    = 
  CONFIG_HEADERS  = 
  CONFIG_LINKS    = 
  CONFIG_COMMANDS = 
  $ ./config.status 

on belgarath.moomoocamp.net

config.status:756: creating Makefile
config.status:756: creating src/Makefile
config.status:822: creating src/config.h
config.status:958: src/config.h is unchanged
config.status:1138: executing depfiles commands

## ---------------- ##
## Cache variables. ##
## ---------------- ##

ac_cv_build=i686-pc-linux-gnu
ac_cv_build_alias=i686-pc-linux-gnu
ac_cv_c_compiler_gnu=yes
ac_cv_cxx_compiler_gnu=yes
ac_cv_env_CC_set=
ac_cv_env_CC_value=
ac_cv_env_CFLAGS_set=
ac_cv_env_CFLAGS_value=
ac_cv_env_CPPFLAGS_set=
ac_cv_env_CPPFLAGS_value=
ac_cv_env_CPP_set=
ac_cv_env_CPP_value=
ac_cv_env_CXXCPP_set=
ac_cv_env_CXXCPP_value=
ac_cv_env_CXXFLAGS_set=
ac_cv_env_CXXFLAGS_value=
ac_cv_env_CXX_set=
ac_cv_env_CXX_value=
ac_cv_env_LDFLAGS_set=
ac_cv_env_LDFLAGS_value=
ac_cv_env_build_alias_set=
ac_cv_env_build_alias_value=
ac_cv_env_host_alias_set=
ac_cv_env_host_alias_value=
ac_cv_env_target_alias_set=
ac_cv_env_target_alias_value=
ac_cv_exeext=
ac_cv_func_malloc_0_nonnull=yes
ac_cv_header_inttypes_h=yes
ac_cv_header_memory_h=yes
ac_cv_header_sstream=yes
ac_cv_header_stdc=yes
ac_cv_header_stdint_h=yes
ac_cv_header_stdlib_h=yes
ac_cv_header_string_h=yes
ac_cv_header_strings_h=yes
ac_cv_header_sys_stat_h=yes
ac_cv_header_sys_types_h=yes
ac_cv_header_unistd_h=yes
ac_cv_host=i686-pc-linux-gnu
ac_cv_host_alias=i686-pc-linux-gnu
ac_cv_objext=o
ac_cv_path_SDL_CONFIG=/usr/bin/sdl-config
ac_cv_path_install='/usr/bin/install -c'
ac_cv_prog_AWK=gawk
ac_cv_prog_CPP='gcc -E'
ac_cv_prog_CXXCPP='g++ -E'
ac_cv_prog_ac_ct_CC=gcc
ac_cv_prog_ac_ct_CXX=g++
ac_cv_prog_cc_g=yes
ac_cv_prog_cc_stdc=
ac_cv_prog_cxx_g=yes
ac_cv_prog_egrep='grep -E'
ac_cv_prog_make_make_set=yes
ac_cv_sizeof_int=4
ac_cv_sizeof_long=4
ac_cv_sizeof_long_long=8
ac_cv_sizeof_short=2
ac_cv_target=i686-pc-linux-gnu
ac_cv_target_alias=i686-pc-linux-gnu
ac_cv_type_int=yes
ac_cv_type_long=yes
ac_cv_type_long_long=yes
ac_cv_type_short=yes
am_cv_CC_dependencies_compiler_type=gcc3
am_cv_CXX_dependencies_compiler_type=gcc3

## ----------------- ##
## Output variables. ##
## ----------------- ##

ACLOCAL='aclocal'
AMDEPBACKSLASH='\'
AMDEP_FALSE='#'
AMDEP_TRUE=''
AMTAR='${SHELL} /home/staff/yazoo/test/fitd/missing --run tar'
AUTOCONF='autoconf'
AUTOHEADER='autoheader'
AUTOMAKE='automake'
AWK='gawk'
CC='gcc'
CCDEPMODE='depmode=gcc3'
CFLAGS='-g -O2 -I/usr/include/SDL -D_REENTRANT'
CPP='gcc -E'
CPPFLAGS=''
CXX='g++'
CXXCPP='g++ -E'
CXXDEPMODE='depmode=gcc3'
CXXFLAGS='-g -O2'
CYGPATH_W='echo'
DATAPATH='${prefix}/share/fitd'
DEFS='-DHAVE_CONFIG_H'
DEPDIR='.deps'
ECHO_C=''
ECHO_N='-n'
ECHO_T=''
EGREP='grep -E'
EMPTY_FILE='/dev/null'
EXEEXT=''
INSTALL_DATA='${INSTALL} -m 644'
INSTALL_PROGRAM='${INSTALL}'
INSTALL_SCRIPT='${INSTALL}'
INSTALL_STRIP_PROGRAM='${SHELL} $(install_sh) -c -s'
LDFLAGS=''
LIBOBJS=''
LIBS=' -lSDL -lpthread'
LTLIBOBJS=''
MAKEINFO='${SHELL} /home/staff/yazoo/test/fitd/missing --run makeinfo'
MKDIR='mkdir -p'
OBJEXT='o'
PACKAGE='fitd'
PACKAGE_BUGREPORT=''
PACKAGE_NAME='fitd'
PACKAGE_STRING='fitd 0.1'
PACKAGE_TARNAME='fitd'
PACKAGE_VERSION='0.1'
PATH_SEPARATOR=':'
PROFILE=''
RM='rm -f'
SDL_CFLAGS='-I/usr/include/SDL -D_REENTRANT'
SDL_CONFIG='/usr/bin/sdl-config'
SDL_LIBS='-lSDL -lpthread'
SET_MAKE=''
SHELL='/bin/sh'
STRIP=''
USE_PCH='no'
VERSION='0.1cvs'
WARNINGS='-Wall'
ac_ct_CC='gcc'
ac_ct_CXX='g++'
ac_ct_STRIP=''
am__fastdepCC_FALSE='#'
am__fastdepCC_TRUE=''
am__fastdepCXX_FALSE='#'
am__fastdepCXX_TRUE=''
am__include='include'
am__leading_dot='.'
am__quote=''
bindir='${exec_prefix}/bin'
build='i686-pc-linux-gnu'
build_alias=''
build_cpu='i686'
build_os='linux-gnu'
build_vendor='pc'
datadir='${prefix}/share'
exec_prefix='${prefix}'
host='i686-pc-linux-gnu'
host_alias=''
host_cpu='i686'
host_os='linux-gnu'
host_vendor='pc'
includedir='${prefix}/include'
infodir='${prefix}/info'
install_sh='/home/staff/yazoo/test/fitd/install-sh'
libdir='${exec_prefix}/lib'
libexecdir='${exec_prefix}/libexec'
localstatedir='${prefix}/var'
mandir='${prefix}/man'
mkdir_p='mkdir -p -- .'
oldincludedir='/usr/include'
prefix='/usr/local'
program_transform_name='s,x,x,'
sbindir='${exec_prefix}/sbin'
sharedstatedir='${prefix}/com'
sysconfdir='${prefix}/etc'
target='i686-pc-linux-gnu'
target_alias=''
target_cpu='i686'
target_os='linux-gnu'
target_vendor='pc'

## ----------- ##
## confdefs.h. ##
## ----------- ##

#define HAVE_HOME 1
#define HAVE_INTTYPES_H 1
#define HAVE_MALLOC 1
#define HAVE_MEMORY_H 1
#define HAVE_MIDI 1
#define HAVE_SSTREAM 1
#define HAVE_STDINT_H 1
#define HAVE_STDLIB_H 1
#define HAVE_STDLIB_H 1
#define HAVE_STRINGS_H 1
#define HAVE_STRING_H 1
#define HAVE_SYS_STAT_H 1
#define HAVE_SYS_STAT_H 1
#define HAVE_SYS_TYPES_H 1
#define HAVE_SYS_TYPES_H 1
#define HAVE_UNISTD_H 1
#define HAVE_UNISTD_H 1
#define LINUX 1
#define PACKAGE "fitd"
#define PACKAGE_BUGREPORT ""
#define PACKAGE_NAME "fitd"
#define PACKAGE_STRING "fitd 0.1"
#define PACKAGE_TARNAME "fitd"
#define PACKAGE_VERSION "0.1"
#define SIZEOF_INT 4
#define SIZEOF_LONG 4
#define SIZEOF_LONG_LONG 8
#define SIZEOF_SHORT 2
#define STDC_HEADERS 1
#define STDC_HEADERS 1
#define UNIX 1
#define VERSION "0.1"
#endif
#ifdef __cplusplus
extern "C" void std::exit (int) throw (); using std::exit;

configure: exit 0
